#
# A fatal error has been detected by the Java Runtime Environment:
#
#  SIGSEGV (0xb) at pc=0xb5615e48, pid=4890, tid=2427452272
#
# JRE version: 6.0_22-b22
# Java VM: OpenJDK Client VM (20.0-b11 mixed mode linux-x86 )
# Derivative: IcedTea6 1.10.1
# Distribution: Ubuntu Natty (development branch), package 6b22-1.10.1-0ubuntu1
# Problematic frame:
# J  java.awt.font.FontRenderContext.equals(Ljava/awt/font/FontRenderContext;)Z
#
# If you would like to submit a bug report, please include
# instructions how to reproduce the bug and visit:
#   https://bugs.launchpad.net/ubuntu/+source/openjdk-6/
#

---------------  T H R E A D  ---------------

Current thread (0x90b1e000):  JavaThread "AWT-EventQueue-0" [_thread_in_Java, id=4925, stack(0x90aaf000,0x90b00000)]

siginfo:si_signo=SIGSEGV: si_errno=0, si_code=128 (), si_addr=0x00000000

Registers:
EAX=0x00000000, EBX=0x00000000, ECX=0x9199b258, EDX=0x919885d8
ESP=0x90afd710, EBP=0x90afd79c, ESI=0x90afd774, EDI=0xb5615e10
EIP=0xb5615e48, EFLAGS=0x00010246, CR2=0xb7622100

Top of Stack: (sp=0x90afd710)
0x90afd710:   90afd740 b5540ea1 ffffffff 916ef3b8
0x90afd720:   90afd720 b16b85dc 90afd74c b16e5ac0
0x90afd730:   00000000 00008000 00000000 00000000
0x90afd740:   00000000 919885d8 9199b258 90afd74c
0x90afd750:   b1c78428 90afd774 b1c79fa0 00000000
0x90afd760:   b1c78488 00000000 90afd79c b55410cd
0x90afd770:   b55410cd 919885d8 9199b258 90afd77c
0x90afd780:   b1c78618 90afd7c0 b1c79fa0 00000000 

Instructions: (pc=0xb5615e48)
0xb5615e28:   04 00 00 83 fa 00 0f 84 06 04 00 00 0f be 42 08
0xb5615e38:   83 f8 00 0f 85 0d 00 00 00 0f be 59 08 83 fb 00
0xb5615e48:   0f 84 3f 03 00 00 83 f8 00 0f 84 5d 00 00 00 8b
0xb5615e58:   72 10 bf d8 eb 83 b1 8b bf f8 01 00 00 3b f7 0f 

Register to memory mapping:

EAX=0x00000000 is an unknown value
EBX=0x00000000 is an unknown value
ECX=0x9199b258 is an oop
java.awt.font.FontRenderContext 
 - klass: 'java/awt/font/FontRenderContext'
EDX=0x919885d8 is an oop
java.awt.font.FontRenderContext 
 - klass: 'java/awt/font/FontRenderContext'
ESP=0x90afd710 is pointing into the stack for thread: 0x90b1e000
EBP=0x90afd79c is pointing into the stack for thread: 0x90b1e000
ESI=0x90afd774 is pointing into the stack for thread: 0x90b1e000
EDI=0xb5615c88 [CodeBlob (0xb5615c88)]
Framesize: 24


Stack: [0x90aaf000,0x90b00000],  sp=0x90afd710,  free space=313k
Native frames: (J=compiled Java code, j=interpreted, Vv=VM code, C=native code)
J  java.awt.font.FontRenderContext.equals(Ljava/awt/font/FontRenderContext;)Z
j  sun.swing.SwingUtilities2.getFontMetrics(Ljavax/swing/JComponent;Ljava/awt/Font;)Ljava/awt/FontMetrics;+15
j  javax.swing.JComponent.getFontMetrics(Ljava/awt/Font;)Ljava/awt/FontMetrics;+2
j  javax.swing.plaf.basic.BasicLabelUI.getBaseline(Ljavax/swing/JComponent;II)I+53
j  javax.swing.JComponent.getBaseline(II)I+21
j  javax.swing.plaf.basic.BasicComboBoxUI.getDisplaySize()Ljava/awt/Dimension;+200
j  javax.swing.plaf.metal.MetalComboBoxUI.getMinimumSize(Ljavax/swing/JComponent;)Ljava/awt/Dimension;+56
j  javax.swing.plaf.basic.BasicComboBoxUI.getPreferredSize(Ljavax/swing/JComponent;)Ljava/awt/Dimension;+2
j  javax.swing.JComponent.getPreferredSize()Ljava/awt/Dimension;+26
j  javax.swing.plaf.metal.MetalFileChooserUI$1.getPreferredSize()Ljava/awt/Dimension;+1
j  java.awt.BorderLayout.preferredLayoutSize(Ljava/awt/Container;)Ljava/awt/Dimension;+157
j  java.awt.Container.preferredSize()Ljava/awt/Dimension;+43
j  java.awt.Container.getPreferredSize()Ljava/awt/Dimension;+1
j  javax.swing.JComponent.getPreferredSize()Ljava/awt/Dimension;+39
j  java.awt.BorderLayout.preferredLayoutSize(Ljava/awt/Container;)Ljava/awt/Dimension;+208
j  javax.swing.plaf.metal.MetalFileChooserUI.getPreferredSize(Ljavax/swing/JComponent;)Ljava/awt/Dimension;+12
j  javax.swing.JComponent.getPreferredSize()Ljava/awt/Dimension;+26
j  java.awt.BorderLayout.preferredLayoutSize(Ljava/awt/Container;)Ljava/awt/Dimension;+157
j  java.awt.Container.preferredSize()Ljava/awt/Dimension;+43
j  java.awt.Container.getPreferredSize()Ljava/awt/Dimension;+1
j  javax.swing.JComponent.getPreferredSize()Ljava/awt/Dimension;+39
j  javax.swing.JRootPane$RootLayout.preferredLayoutSize(Ljava/awt/Container;)Ljava/awt/Dimension;+26
j  java.awt.Container.preferredSize()Ljava/awt/Dimension;+43
j  java.awt.Container.getPreferredSize()Ljava/awt/Dimension;+1
j  javax.swing.JComponent.getPreferredSize()Ljava/awt/Dimension;+39
j  java.awt.BorderLayout.preferredLayoutSize(Ljava/awt/Container;)Ljava/awt/Dimension;+157
j  java.awt.Container.preferredSize()Ljava/awt/Dimension;+43
j  java.awt.Container.getPreferredSize()Ljava/awt/Dimension;+1
j  java.awt.Window.pack()V+32
j  javax.swing.JFileChooser.createDialog(Ljava/awt/Component;)Ljavax/swing/JDialog;+126
j  javax.swing.JFileChooser.showDialog(Ljava/awt/Component;Ljava/lang/String;)I+17
j  javax.swing.JFileChooser.showOpenDialog(Ljava/awt/Component;)I+8
j  ExcelMain.showDadDlg()V+10
j  ExcelMain$3.actionPerformed(Ljava/awt/event/ActionEvent;)V+4
j  javax.swing.AbstractButton.fireActionPerformed(Ljava/awt/event/ActionEvent;)V+84
j  javax.swing.AbstractButton$Handler.actionPerformed(Ljava/awt/event/ActionEvent;)V+5
j  javax.swing.DefaultButtonModel.fireActionPerformed(Ljava/awt/event/ActionEvent;)V+35
j  javax.swing.DefaultButtonModel.setPressed(Z)V+117
j  javax.swing.plaf.basic.BasicButtonListener.mouseReleased(Ljava/awt/event/MouseEvent;)V+35
j  java.awt.Component.processMouseEvent(Ljava/awt/event/MouseEvent;)V+64
j  javax.swing.JComponent.processMouseEvent(Ljava/awt/event/MouseEvent;)V+23
j  java.awt.Component.processEvent(Ljava/awt/AWTEvent;)V+81
j  java.awt.Container.processEvent(Ljava/awt/AWTEvent;)V+18
j  java.awt.Component.dispatchEventImpl(Ljava/awt/AWTEvent;)V+589
j  java.awt.Container.dispatchEventImpl(Ljava/awt/AWTEvent;)V+42
J  java.awt.LightweightDispatcher.retargetMouseEvent(Ljava/awt/Component;ILjava/awt/event/MouseEvent;)V
j  java.awt.LightweightDispatcher.dispatchEvent(Ljava/awt/AWTEvent;)Z+50
j  java.awt.Container.dispatchEventImpl(Ljava/awt/AWTEvent;)V+12
j  java.awt.Window.dispatchEventImpl(Ljava/awt/AWTEvent;)V+19
j  java.awt.Component.dispatchEvent(Ljava/awt/AWTEvent;)V+2
j  java.awt.EventQueue.dispatchEventImpl(Ljava/awt/AWTEvent;Ljava/lang/Object;)V+41
j  java.awt.EventQueue.access$000(Ljava/awt/EventQueue;Ljava/awt/AWTEvent;Ljava/lang/Object;)V+3
j  java.awt.EventQueue$1.run()Ljava/lang/Void;+12
j  java.awt.EventQueue$1.run()Ljava/lang/Object;+1
v  ~StubRoutines::call_stub
V  [libjvm.so+0x20a6a2]  JavaCalls::call_helper(JavaValue*, methodHandle*, JavaCallArguments*, Thread*)+0x262
V  [libjvm.so+0x3044b9]  os::os_exception_wrapper(void (*)(JavaValue*, methodHandle*, JavaCallArguments*, Thread*), JavaValue*, methodHandle*, JavaCallArguments*, Thread*)+0x19
V  [libjvm.so+0x209b9f]  JavaCalls::call(JavaValue*, methodHandle, JavaCallArguments*, Thread*)+0x2f
V  [libjvm.so+0x23e6fe]  JVM_DoPrivileged+0x1fe
C  [libjava.so+0x9c9a]  Java_java_security_AccessController_doPrivileged__Ljava_security_PrivilegedAction_2Ljava_security_AccessControlContext_2+0x3a
j  java.security.AccessController.doPrivileged(Ljava/security/PrivilegedAction;Ljava/security/AccessControlContext;)Ljava/lang/Object;+0
j  java.security.AccessControlContext$1.doIntersectionPrivilege(Ljava/security/PrivilegedAction;Ljava/security/AccessControlContext;Ljava/security/AccessControlContext;)Ljava/lang/Object;+28
j  java.security.AccessControlContext$1.doIntersectionPrivilege(Ljava/security/PrivilegedAction;Ljava/security/AccessControlContext;)Ljava/lang/Object;+6
j  java.awt.EventQueue$2.run()Ljava/lang/Void;+11
j  java.awt.EventQueue$2.run()Ljava/lang/Object;+1
v  ~StubRoutines::call_stub
V  [libjvm.so+0x20a6a2]  JavaCalls::call_helper(JavaValue*, methodHandle*, JavaCallArguments*, Thread*)+0x262
V  [libjvm.so+0x3044b9]  os::os_exception_wrapper(void (*)(JavaValue*, methodHandle*, JavaCallArguments*, Thread*), JavaValue*, methodHandle*, JavaCallArguments*, Thread*)+0x19
V  [libjvm.so+0x209b9f]  JavaCalls::call(JavaValue*, methodHandle, JavaCallArguments*, Thread*)+0x2f
V  [libjvm.so+0x23e6fe]  JVM_DoPrivileged+0x1fe
C  [libjava.so+0x9c9a]  Java_java_security_AccessController_doPrivileged__Ljava_security_PrivilegedAction_2Ljava_security_AccessControlContext_2+0x3a
j  java.security.AccessController.doPrivileged(Ljava/security/PrivilegedAction;Ljava/security/AccessControlContext;)Ljava/lang/Object;+0
j  java.security.AccessControlContext$1.doIntersectionPrivilege(Ljava/security/PrivilegedAction;Ljava/security/AccessControlContext;Ljava/security/AccessControlContext;)Ljava/lang/Object;+28
j  java.awt.EventQueue.dispatchEvent(Ljava/awt/AWTEvent;)V+73
j  java.awt.EventDispatchThread.pumpOneEventForFilters(I)Z+192
j  java.awt.EventDispatchThread.pumpEventsForFilter(ILjava/awt/Conditional;Ljava/awt/EventFilter;)V+30
j  java.awt.EventDispatchThread.pumpEventsForHierarchy(ILjava/awt/Conditional;Ljava/awt/Component;)V+11
j  java.awt.EventDispatchThread.pumpEvents(ILjava/awt/Conditional;)V+4
j  java.awt.EventDispatchThread.pumpEvents(Ljava/awt/Conditional;)V+3
j  java.awt.EventDispatchThread.run()V+9
v  ~StubRoutines::call_stub
V  [libjvm.so+0x20a6a2]  JavaCalls::call_helper(JavaValue*, methodHandle*, JavaCallArguments*, Thread*)+0x262
V  [libjvm.so+0x3044b9]  os::os_exception_wrapper(void (*)(JavaValue*, methodHandle*, JavaCallArguments*, Thread*), JavaValue*, methodHandle*, JavaCallArguments*, Thread*)+0x19
V  [libjvm.so+0x209b9f]  JavaCalls::call(JavaValue*, methodHandle, JavaCallArguments*, Thread*)+0x2f
V  [libjvm.so+0x20a01a]  JavaCalls::call_virtual(JavaValue*, KlassHandle, symbolHandle, symbolHandle, JavaCallArguments*, Thread*)+0xea
V  [libjvm.so+0x20a178]  JavaCalls::call_virtual(JavaValue*, Handle, KlassHandle, symbolHandle, symbolHandle, Thread*)+0x58
V  [libjvm.so+0x23b5df]  thread_entry(JavaThread*, Thread*)+0x7f
V  [libjvm.so+0x3af16c]  JavaThread::thread_main_inner()+0x6c
V  [libjvm.so+0x3af249]  JavaThread::run()+0xc9
V  [libjvm.so+0x3025a1]  java_start(Thread*)+0x121
C  [libpthread.so.0+0x5e99]  start_thread+0xd9


---------------  P R O C E S S  ---------------

Java Threads: ( => current thread )
  0x08b4f400 JavaThread "Basic L&F File Loading Thread" [_thread_blocked, id=4934, stack(0x908d5000,0x90926000)]
  0x08cdfc00 JavaThread "TimerQueue" daemon [_thread_blocked, id=4927, stack(0x90926000,0x90977000)]
  0x90b28c00 JavaThread "DestroyJavaVM" [_thread_blocked, id=4896, stack(0xb773e000,0xb778f000)]
=>0x90b1e000 JavaThread "AWT-EventQueue-0" [_thread_in_Java, id=4925, stack(0x90aaf000,0x90b00000)]
  0x90b27000 JavaThread "AWT-Shutdown" [_thread_blocked, id=4924, stack(0x90a5e000,0x90aaf000)]
  0x90b12c00 JavaThread "AWT-XAWT" daemon [_thread_blocked, id=4917, stack(0x90c17000,0x90c68000)]
  0x08bdd000 JavaThread "Java2D Disposer" daemon [_thread_blocked, id=4916, stack(0x90cf5000,0x90d46000)]
  0x08b24000 JavaThread "Low Memory Detector" daemon [_thread_blocked, id=4913, stack(0x90dc7000,0x90e18000)]
  0x08b22800 JavaThread "C1 CompilerThread0" daemon [_thread_blocked, id=4912, stack(0x90e18000,0x90e99000)]
  0x08b1a800 JavaThread "JDWP Command Reader" daemon [_thread_in_native, id=4905, stack(0x90e99000,0x90eea000)]
  0x08b18800 JavaThread "JDWP Event Helper Thread" daemon [_thread_blocked, id=4904, stack(0x90eea000,0x90f3b000)]
  0x08b16000 JavaThread "JDWP Transport Listener: dt_socket" daemon [_thread_blocked, id=4903, stack(0x90f3b000,0x90f8c000)]
  0x08b0e400 JavaThread "Signal Dispatcher" daemon [_thread_blocked, id=4901, stack(0x90f8c000,0x90fdd000)]
  0x08afc400 JavaThread "Finalizer" daemon [_thread_blocked, id=4900, stack(0x90fdd000,0x9102e000)]
  0x08afac00 JavaThread "Reference Handler" daemon [_thread_blocked, id=4899, stack(0x9102e000,0x9107f000)]

Other Threads:
  0x08af6c00 VMThread [stack: 0x9107f000,0x91100000] [id=4898]
  0x08b28000 WatcherThread [stack: 0x90d46000,0x90dc7000] [id=4914]

VM state:synchronizing (normal execution)

VM Mutex/Monitor currently owned by a thread:  ([mutex/lock_event])
[0x08aa3310] Safepoint_lock - owner thread: 0x08af6c00
[0x08aa3378] Threads_lock - owner thread: 0x08af6c00

Heap
 def new generation   total 4928K, used 3223K [0x914b0000, 0x91a00000, 0x9bf50000)
  eden space 4416K,  61% used [0x914b0000, 0x91755fa8, 0x91900000)
  from space 512K, 100% used [0x91980000, 0x91a00000, 0x91a00000)
  to   space 512K,   0% used [0x91900000, 0x91900000, 0x91980000)
 tenured generation   total 10944K, used 348K [0x9bf50000, 0x9ca00000, 0xb14b0000)
   the space 10944K,   3% used [0x9bf50000, 0x9bfa73e8, 0x9bfa7400, 0x9ca00000)
 compacting perm gen  total 12288K, used 11486K [0xb14b0000, 0xb20b0000, 0xb54b0000)
   the space 12288K,  93% used [0xb14b0000, 0xb1fe7b88, 0xb1fe7c00, 0xb20b0000)
No shared spaces configured.

Code Cache  [0xb553e000, 0xb561e000, 0xb753e000)
 total_blobs=541 nmethods=303 adapters=182 free_code_cache=32668352 largest_free_block=0

Dynamic libraries:
00110000-00113000 r-xp 00000000 08:12 305042     /usr/lib/jvm/java-6-openjdk/jre/lib/i386/jli/libjli.so
00113000-00114000 r--p 00002000 08:12 305042     /usr/lib/jvm/java-6-openjdk/jre/lib/i386/jli/libjli.so
00114000-00115000 rw-p 00003000 08:12 305042     /usr/lib/jvm/java-6-openjdk/jre/lib/i386/jli/libjli.so
00115000-00139000 r-xp 00000000 08:12 655109     /lib/i386-linux-gnu/libm-2.13.so
00139000-0013a000 r--p 00023000 08:12 655109     /lib/i386-linux-gnu/libm-2.13.so
0013a000-0013b000 rw-p 00024000 08:12 655109     /lib/i386-linux-gnu/libm-2.13.so
0013b000-00142000 r-xp 00000000 08:12 655141     /lib/i386-linux-gnu/librt-2.13.so
00142000-00143000 r--p 00006000 08:12 655141     /lib/i386-linux-gnu/librt-2.13.so
00143000-00144000 rw-p 00007000 08:12 655141     /lib/i386-linux-gnu/librt-2.13.so
00144000-0014f000 r-xp 00000000 08:12 305070     /usr/lib/jvm/java-6-openjdk/jre/lib/i386/libverify.so
0014f000-00150000 ---p 0000b000 08:12 305070     /usr/lib/jvm/java-6-openjdk/jre/lib/i386/libverify.so
00150000-00151000 r--p 0000b000 08:12 305070     /usr/lib/jvm/java-6-openjdk/jre/lib/i386/libverify.so
00151000-00152000 rw-p 0000c000 08:12 305070     /usr/lib/jvm/java-6-openjdk/jre/lib/i386/libverify.so
00152000-00154000 r-xp 00000000 08:12 305066     /usr/lib/jvm/java-6-openjdk/jre/lib/i386/libnpt.so
00154000-00155000 r--p 00002000 08:12 305066     /usr/lib/jvm/java-6-openjdk/jre/lib/i386/libnpt.so
00155000-00156000 rw-p 00003000 08:12 305066     /usr/lib/jvm/java-6-openjdk/jre/lib/i386/libnpt.so
00156000-0015c000 r-xp 00000000 08:12 655114     /lib/i386-linux-gnu/libnss_compat-2.13.so
0015c000-0015d000 r--p 00005000 08:12 655114     /lib/i386-linux-gnu/libnss_compat-2.13.so
0015d000-0015e000 rw-p 00006000 08:12 655114     /lib/i386-linux-gnu/libnss_compat-2.13.so
0015e000-00168000 r-xp 00000000 08:12 655118     /lib/i386-linux-gnu/libnss_files-2.13.so
00168000-00169000 r--p 00009000 08:12 655118     /lib/i386-linux-gnu/libnss_files-2.13.so
00169000-0016a000 rw-p 0000a000 08:12 655118     /lib/i386-linux-gnu/libnss_files-2.13.so
0016a000-00170000 r-xp 00000000 08:12 305071     /usr/lib/jvm/java-6-openjdk/jre/lib/i386/libzip.so
00170000-00171000 r--p 00005000 08:12 305071     /usr/lib/jvm/java-6-openjdk/jre/lib/i386/libzip.so
00171000-00172000 rw-p 00006000 08:12 305071     /usr/lib/jvm/java-6-openjdk/jre/lib/i386/libzip.so
00172000-001b5000 r-xp 00000000 08:12 305991     /usr/lib/jvm/java-6-openjdk/jre/lib/i386/xawt/libmawt.so
001b5000-001b6000 r--p 00042000 08:12 305991     /usr/lib/jvm/java-6-openjdk/jre/lib/i386/xawt/libmawt.so
001b6000-001b8000 rw-p 00043000 08:12 305991     /usr/lib/jvm/java-6-openjdk/jre/lib/i386/xawt/libmawt.so
001b8000-001b9000 rw-p 00000000 00:00 0 
001b9000-001c6000 r-xp 00000000 08:12 6583       /usr/lib/i386-linux-gnu/libXi.so.6.1.0
001c6000-001c7000 r--p 0000c000 08:12 6583       /usr/lib/i386-linux-gnu/libXi.so.6.1.0
001c7000-001c8000 rw-p 0000d000 08:12 6583       /usr/lib/i386-linux-gnu/libXi.so.6.1.0
001c8000-001ca000 r-xp 00000000 08:12 6567       /usr/lib/i386-linux-gnu/libXau.so.6.0.0
001ca000-001cb000 r--p 00001000 08:12 6567       /usr/lib/i386-linux-gnu/libXau.so.6.0.0
001cb000-001cc000 rw-p 00002000 08:12 6567       /usr/lib/i386-linux-gnu/libXau.so.6.0.0
001cc000-001d0000 r-xp 00000000 08:12 6575       /usr/lib/i386-linux-gnu/libXdmcp.so.6.0.0
001d0000-001d1000 r--p 00003000 08:12 6575       /usr/lib/i386-linux-gnu/libXdmcp.so.6.0.0
001d1000-001d2000 rw-p 00004000 08:12 6575       /usr/lib/i386-linux-gnu/libXdmcp.so.6.0.0
001d6000-001df000 r-xp 00000000 08:12 655122     /lib/i386-linux-gnu/libnss_nis-2.13.so
001df000-001e0000 r--p 00008000 08:12 655122     /lib/i386-linux-gnu/libnss_nis-2.13.so
001e0000-001e1000 rw-p 00009000 08:12 655122     /lib/i386-linux-gnu/libnss_nis-2.13.so
001e1000-0026a000 r-xp 00000000 08:12 305045     /usr/lib/jvm/java-6-openjdk/jre/lib/i386/libawt.so
0026a000-0026b000 r--p 00088000 08:12 305045     /usr/lib/jvm/java-6-openjdk/jre/lib/i386/libawt.so
0026b000-00272000 rw-p 00089000 08:12 305045     /usr/lib/jvm/java-6-openjdk/jre/lib/i386/libawt.so
00272000-00296000 rw-p 00000000 00:00 0 
00296000-002ce000 r-xp 00000000 08:12 305047     /usr/lib/jvm/java-6-openjdk/jre/lib/i386/libfontmanager.so
002ce000-002cf000 ---p 00038000 08:12 305047     /usr/lib/jvm/java-6-openjdk/jre/lib/i386/libfontmanager.so
002cf000-002d0000 r--p 00038000 08:12 305047     /usr/lib/jvm/java-6-openjdk/jre/lib/i386/libfontmanager.so
002d0000-002d1000 rw-p 00039000 08:12 305047     /usr/lib/jvm/java-6-openjdk/jre/lib/i386/libfontmanager.so
002d1000-00352000 r-xp 00000000 08:12 6625       /usr/lib/i386-linux-gnu/libfreetype.so.6.6.2
00352000-00356000 r--p 00080000 08:12 6625       /usr/lib/i386-linux-gnu/libfreetype.so.6.6.2
00356000-00357000 rw-p 00084000 08:12 6625       /usr/lib/i386-linux-gnu/libfreetype.so.6.6.2
00357000-0035b000 r-xp 00000000 08:12 6579       /usr/lib/i386-linux-gnu/libXfixes.so.3.1.0
0035b000-0035c000 r--p 00003000 08:12 6579       /usr/lib/i386-linux-gnu/libXfixes.so.3.1.0
0035c000-0035d000 rw-p 00004000 08:12 6579       /usr/lib/i386-linux-gnu/libXfixes.so.3.1.0
0035d000-00370000 r-xp 00000000 08:12 305064     /usr/lib/jvm/java-6-openjdk/jre/lib/i386/libnet.so
00370000-00371000 r--p 00013000 08:12 305064     /usr/lib/jvm/java-6-openjdk/jre/lib/i386/libnet.so
00371000-00372000 rw-p 00014000 08:12 305064     /usr/lib/jvm/java-6-openjdk/jre/lib/i386/libnet.so
00372000-00379000 r-xp 00000000 08:12 305065     /usr/lib/jvm/java-6-openjdk/jre/lib/i386/libnio.so
00379000-0037a000 r--p 00006000 08:12 305065     /usr/lib/jvm/java-6-openjdk/jre/lib/i386/libnio.so
0037a000-0037b000 rw-p 00007000 08:12 305065     /usr/lib/jvm/java-6-openjdk/jre/lib/i386/libnio.so
003a6000-003c9000 r-xp 00000000 08:12 305054     /usr/lib/jvm/java-6-openjdk/jre/lib/i386/libjava.so
003c9000-003ca000 r--p 00022000 08:12 305054     /usr/lib/jvm/java-6-openjdk/jre/lib/i386/libjava.so
003ca000-003cc000 rw-p 00023000 08:12 305054     /usr/lib/jvm/java-6-openjdk/jre/lib/i386/libjava.so
003f1000-00404000 r-xp 00000000 08:12 655155     /lib/i386-linux-gnu/libz.so.1.2.3.4
00404000-00405000 r--p 00012000 08:12 655155     /lib/i386-linux-gnu/libz.so.1.2.3.4
00405000-00406000 rw-p 00013000 08:12 655155     /lib/i386-linux-gnu/libz.so.1.2.3.4
00411000-00419000 r-xp 00000000 08:12 6571       /usr/lib/i386-linux-gnu/libXcursor.so.1.0.2
00419000-0041a000 r--p 00007000 08:12 6571       /usr/lib/i386-linux-gnu/libXcursor.so.1.0.2
0041a000-0041b000 rw-p 00008000 08:12 6571       /usr/lib/i386-linux-gnu/libXcursor.so.1.0.2
004a1000-004b4000 r-xp 00000000 08:12 655112     /lib/i386-linux-gnu/libnsl-2.13.so
004b4000-004b5000 r--p 00012000 08:12 655112     /lib/i386-linux-gnu/libnsl-2.13.so
004b5000-004b6000 rw-p 00013000 08:12 655112     /lib/i386-linux-gnu/libnsl-2.13.so
004b6000-004b8000 rw-p 00000000 00:00 0 
004b8000-005ce000 r-xp 00000000 08:12 6565       /usr/lib/i386-linux-gnu/libX11.so.6.3.0
005ce000-005cf000 ---p 00116000 08:12 6565       /usr/lib/i386-linux-gnu/libX11.so.6.3.0
005cf000-005d0000 r--p 00116000 08:12 6565       /usr/lib/i386-linux-gnu/libX11.so.6.3.0
005d0000-005d2000 rw-p 00117000 08:12 6565       /usr/lib/i386-linux-gnu/libX11.so.6.3.0
005d2000-005d3000 rw-p 00000000 00:00 0 
0062e000-00645000 r-xp 00000000 08:12 6715       /usr/lib/i386-linux-gnu/libxcb.so.1.1.0
00645000-00646000 r--p 00016000 08:12 6715       /usr/lib/i386-linux-gnu/libxcb.so.1.1.0
00646000-00647000 rw-p 00017000 08:12 6715       /usr/lib/i386-linux-gnu/libxcb.so.1.1.0
00697000-006cd000 r-xp 00000000 08:12 305057     /usr/lib/jvm/java-6-openjdk/jre/lib/i386/libjdwp.so
006cd000-006ce000 r--p 00035000 08:12 305057     /usr/lib/jvm/java-6-openjdk/jre/lib/i386/libjdwp.so
006ce000-006cf000 rw-p 00036000 08:12 305057     /usr/lib/jvm/java-6-openjdk/jre/lib/i386/libjdwp.so
007a8000-007b0000 r-xp 00000000 08:12 6589       /usr/lib/i386-linux-gnu/libXrender.so.1.3.0
007b0000-007b1000 r--p 00007000 08:12 6589       /usr/lib/i386-linux-gnu/libXrender.so.1.3.0
007b1000-007b2000 rw-p 00008000 08:12 6589       /usr/lib/i386-linux-gnu/libXrender.so.1.3.0
007f7000-007f9000 r-xp 00000000 08:12 655082     /lib/i386-linux-gnu/libdl-2.13.so
007f9000-007fa000 r--p 00001000 08:12 655082     /lib/i386-linux-gnu/libdl-2.13.so
007fa000-007fb000 rw-p 00002000 08:12 655082     /lib/i386-linux-gnu/libdl-2.13.so
0086d000-00889000 r-xp 00000000 08:12 655059     /lib/i386-linux-gnu/ld-2.13.so
00889000-0088a000 r--p 0001b000 08:12 655059     /lib/i386-linux-gnu/ld-2.13.so
0088a000-0088b000 rw-p 0001c000 08:12 655059     /lib/i386-linux-gnu/ld-2.13.so
00890000-00893000 r-xp 00000000 08:12 305046     /usr/lib/jvm/java-6-openjdk/jre/lib/i386/libdt_socket.so
00893000-00894000 r--p 00002000 08:12 305046     /usr/lib/jvm/java-6-openjdk/jre/lib/i386/libdt_socket.so
00894000-00895000 rw-p 00003000 08:12 305046     /usr/lib/jvm/java-6-openjdk/jre/lib/i386/libdt_socket.so
009f5000-009f9000 r-xp 00000000 08:12 3860       /usr/lib/libXtst.so.6.1.0
009f9000-009fa000 r--p 00003000 08:12 3860       /usr/lib/libXtst.so.6.1.0
009fa000-009fb000 rw-p 00004000 08:12 3860       /usr/lib/libXtst.so.6.1.0
00a35000-00a4f000 r-xp 00000000 08:12 655100     /lib/i386-linux-gnu/libgcc_s.so.1
00a4f000-00a50000 r--p 00019000 08:12 655100     /lib/i386-linux-gnu/libgcc_s.so.1
00a50000-00a51000 rw-p 0001a000 08:12 655100     /lib/i386-linux-gnu/libgcc_s.so.1
00a6d000-00a7a000 r-xp 00000000 08:12 6577       /usr/lib/i386-linux-gnu/libXext.so.6.4.0
00a7a000-00a7b000 r--p 0000c000 08:12 6577       /usr/lib/i386-linux-gnu/libXext.so.6.4.0
00a7b000-00a7c000 rw-p 0000d000 08:12 6577       /usr/lib/i386-linux-gnu/libXext.so.6.4.0
00b78000-00c57000 r-xp 00000000 08:12 6698       /usr/lib/i386-linux-gnu/libstdc++.so.6.0.14
00c57000-00c5b000 r--p 000de000 08:12 6698       /usr/lib/i386-linux-gnu/libstdc++.so.6.0.14
00c5b000-00c5c000 rw-p 000e2000 08:12 6698       /usr/lib/i386-linux-gnu/libstdc++.so.6.0.14
00c5c000-00c63000 rw-p 00000000 00:00 0 
00cf5000-00d0a000 r-xp 00000000 08:12 655137     /lib/i386-linux-gnu/libpthread-2.13.so
00d0a000-00d0b000 r--p 00015000 08:12 655137     /lib/i386-linux-gnu/libpthread-2.13.so
00d0b000-00d0c000 rw-p 00016000 08:12 655137     /lib/i386-linux-gnu/libpthread-2.13.so
00d0c000-00d0e000 rw-p 00000000 00:00 0 
00d0f000-00d10000 r-xp 00000000 00:00 0          [vdso]
00d7d000-00ed7000 r-xp 00000000 08:12 655072     /lib/i386-linux-gnu/libc-2.13.so
00ed7000-00ed8000 ---p 0015a000 08:12 655072     /lib/i386-linux-gnu/libc-2.13.so
00ed8000-00eda000 r--p 0015a000 08:12 655072     /lib/i386-linux-gnu/libc-2.13.so
00eda000-00edb000 rw-p 0015c000 08:12 655072     /lib/i386-linux-gnu/libc-2.13.so
00edb000-00ede000 rw-p 00000000 00:00 0 
00ede000-01318000 r-xp 00000000 08:12 305037     /usr/lib/jvm/java-6-openjdk/jre/lib/i386/client/libjvm.so
01318000-0132f000 r--p 0043a000 08:12 305037     /usr/lib/jvm/java-6-openjdk/jre/lib/i386/client/libjvm.so
0132f000-0133c000 rw-p 00451000 08:12 305037     /usr/lib/jvm/java-6-openjdk/jre/lib/i386/client/libjvm.so
0133c000-01754000 rw-p 00000000 00:00 0 
08048000-08051000 r-xp 00000000 08:12 305103     /usr/lib/jvm/java-6-openjdk/jre/bin/java
08051000-08052000 r--p 00008000 08:12 305103     /usr/lib/jvm/java-6-openjdk/jre/bin/java
08052000-08053000 rw-p 00009000 08:12 305103     /usr/lib/jvm/java-6-openjdk/jre/bin/java
08a9d000-08d45000 rw-p 00000000 00:00 0          [heap]
90884000-90887000 ---p 00000000 00:00 0 
90887000-908d5000 rw-p 00000000 00:00 0 
908d5000-908d8000 ---p 00000000 00:00 0 
908d8000-90926000 rw-p 00000000 00:00 0 
90926000-90929000 ---p 00000000 00:00 0 
90929000-90a5e000 rw-p 00000000 00:00 0 
90a5e000-90a61000 ---p 00000000 00:00 0 
90a61000-90aaf000 rw-p 00000000 00:00 0 
90aaf000-90ab2000 ---p 00000000 00:00 0 
90ab2000-90b00000 rw-p 00000000 00:00 0 
90b00000-90b3f000 rw-p 00000000 00:00 0 
90b3f000-90c00000 ---p 00000000 00:00 0 
90c01000-90c06000 rw-s 00000000 00:04 3473415    /SYSV00000000 (deleted)
90c06000-90c12000 r--s 000a6000 08:15 3351507    /home/westcn/getLucky/src/jxl.jar
90c12000-90c13000 r--p 00000000 00:00 0 
90c13000-90c17000 r--s 0007c000 08:12 267248     /usr/lib/jvm/java-6-openjdk/jre/lib/jsse.jar
90c17000-90c1a000 ---p 00000000 00:00 0 
90c1a000-90c68000 rw-p 00000000 00:00 0 
90c68000-90c6f000 r--s 000fb000 08:12 267252     /usr/lib/jvm/java-6-openjdk/jre/lib/resources.jar
90c6f000-90c70000 r--s 00000000 08:12 156884     /var/cache/fontconfig/c05880de57d1f5e948fdfacc138775d9-le32d4.cache-3
90c70000-90c76000 r--s 00000000 08:12 156849     /var/cache/fontconfig/945677eb7aeaf62f1d50efc3fb3ec7d8-le32d4.cache-3
90c76000-90c79000 r--s 00000000 08:12 156881     /var/cache/fontconfig/99e8ed0e538f840c565b6ed5dad60d56-le32d4.cache-3
90c79000-90c7c000 r--s 00000000 08:12 156880     /var/cache/fontconfig/e383d7ea5fbe662a33d9b44caf393297-le32d4.cache-3
90c7c000-90c7e000 r--s 00000000 08:12 156878     /var/cache/fontconfig/2cd17615ca594fa2959ae173292e504c-le32d4.cache-3
90c7e000-90c7f000 r--s 00000000 08:12 156877     /var/cache/fontconfig/e7071f4a29fa870f4323321c154eba04-le32d4.cache-3
90c7f000-90c82000 r--s 00000000 08:12 156876     /var/cache/fontconfig/6eb3985aa4124903f6ff08ba781cd364-le32d4.cache-3
90c82000-90c83000 r--s 00000000 08:12 156874     /var/cache/fontconfig/4c73fe0c47614734b17d736dbde7580a-le32d4.cache-3
90c83000-90c84000 r--s 00000000 08:12 156873     /var/cache/fontconfig/0d8c3b2ac0904cb8a57a757ad11a4a08-le32d4.cache-3
90c84000-90c85000 r--s 00000000 08:12 156872     /var/cache/fontconfig/6a53c69dea097a2d716e069445527da8-le32d4.cache-3
90c85000-90c89000 r--s 00000000 08:12 156870     /var/cache/fontconfig/a755afe4a08bf5b97852ceb7400b47bc-le32d4.cache-3
90c89000-90c90000 r--s 00000000 08:12 156869     /var/cache/fontconfig/6d41288fd70b0be22e8c3a91e032eec0-le32d4.cache-3
90c90000-90c9b000 r--s 00000000 08:12 156868     /var/cache/fontconfig/0f34bcd4b6ee430af32735b75db7f02b-le32d4.cache-3
90c9b000-90c9e000 r--s 00000000 08:12 156867     /var/cache/fontconfig/d60319d88cac85ba9e1a07bd06cfbb8c-le32d4.cache-3
90c9e000-90c9f000 r--s 00000000 08:12 156866     /var/cache/fontconfig/4794a0821666d79190d59a36cb4f44b5-le32d4.cache-3
90c9f000-90ca7000 r--s 00000000 08:12 156864     /var/cache/fontconfig/d52a8644073d54c13679302ca1180695-le32d4.cache-3
90ca7000-90cb0000 r--s 00000000 08:12 156863     /var/cache/fontconfig/089dead882dea3570ffc31a9898cfb69-le32d4.cache-3
90cb0000-90cb3000 r--s 00000000 08:12 149699     /var/cache/fontconfig/cabbd14511b9e8a55e92af97fb3a0461-le32d4.cache-3
90cb3000-90cb5000 r--s 00000000 08:12 156816     /var/cache/fontconfig/e13b20fdb08344e0e664864cc2ede53d-le32d4.cache-3
90cb5000-90cb8000 r--s 00000000 08:12 149719     /var/cache/fontconfig/7ef2298fde41cc6eeb7af42e48b7d293-le32d4.cache-3
90cb8000-90cb9000 r--s 00000000 08:12 156884     /var/cache/fontconfig/c05880de57d1f5e948fdfacc138775d9-le32d4.cache-3
90cb9000-90cbf000 r--s 00000000 08:12 156849     /var/cache/fontconfig/945677eb7aeaf62f1d50efc3fb3ec7d8-le32d4.cache-3
90cbf000-90cc2000 r--s 00000000 08:12 156881     /var/cache/fontconfig/99e8ed0e538f840c565b6ed5dad60d56-le32d4.cache-3
90cc2000-90cc5000 r--s 00000000 08:12 156880     /var/cache/fontconfig/e383d7ea5fbe662a33d9b44caf393297-le32d4.cache-3
90cc5000-90cc7000 r--s 00000000 08:12 156878     /var/cache/fontconfig/2cd17615ca594fa2959ae173292e504c-le32d4.cache-3
90cc7000-90cc8000 r--s 00000000 08:12 156877     /var/cache/fontconfig/e7071f4a29fa870f4323321c154eba04-le32d4.cache-3
90cc8000-90ccb000 r--s 00000000 08:12 156876     /var/cache/fontconfig/6eb3985aa4124903f6ff08ba781cd364-le32d4.cache-3
90ccb000-90ccc000 r--s 00000000 08:12 156874     /var/cache/fontconfig/4c73fe0c47614734b17d736dbde7580a-le32d4.cache-3
90ccc000-90ccd000 r--s 00000000 08:12 156873     /var/cache/fontconfig/0d8c3b2ac0904cb8a57a757ad11a4a08-le32d4.cache-3
90ccd000-90cce000 r--s 00000000 08:12 156872     /var/cache/fontconfig/6a53c69dea097a2d716e069445527da8-le32d4.cache-3
90cce000-90cd2000 r--s 00000000 08:12 156870     /var/cache/fontconfig/a755afe4a08bf5b97852ceb7400b47bc-le32d4.cache-3
90cd2000-90cd9000 r--s 00000000 08:12 156869     /var/cache/fontconfig/6d41288fd70b0be22e8c3a91e032eec0-le32d4.cache-3
90cd9000-90ce4000 r--s 00000000 08:12 156868     /var/cache/fontconfig/0f34bcd4b6ee430af32735b75db7f02b-le32d4.cache-3
90ce4000-90cec000 r--s 00000000 08:12 156864     /var/cache/fontconfig/d52a8644073d54c13679302ca1180695-le32d4.cache-3
90cec000-90cf5000 r--s 00000000 08:12 156863     /var/cache/fontconfig/089dead882dea3570ffc31a9898cfb69-le32d4.cache-3
90cf5000-90cf8000 ---p 00000000 00:00 0 
90cf8000-90d46000 rw-p 00000000 00:00 0 
90d46000-90d47000 ---p 00000000 00:00 0 
90d47000-90dc7000 rw-p 00000000 00:00 0 
90dc7000-90dca000 ---p 00000000 00:00 0 
90dca000-90e18000 rw-p 00000000 00:00 0 
90e18000-90e1b000 ---p 00000000 00:00 0 
90e1b000-90e99000 rw-p 00000000 00:00 0 
90e99000-90e9c000 ---p 00000000 00:00 0 
90e9c000-90eea000 rw-p 00000000 00:00 0 
90eea000-90eed000 ---p 00000000 00:00 0 
90eed000-90f3b000 rw-p 00000000 00:00 0 
90f3b000-90f3e000 ---p 00000000 00:00 0 
90f3e000-90f8c000 rw-p 00000000 00:00 0 
90f8c000-90f8f000 ---p 00000000 00:00 0 
90f8f000-90fdd000 rw-p 00000000 00:00 0 
90fdd000-90fe0000 ---p 00000000 00:00 0 
90fe0000-9102e000 rw-p 00000000 00:00 0 
9102e000-91031000 ---p 00000000 00:00 0 
91031000-9107f000 rw-p 00000000 00:00 0 
9107f000-91080000 ---p 00000000 00:00 0 
91080000-91133000 rw-p 00000000 00:00 0 
91133000-912c3000 r--s 037af000 08:12 305034     /usr/lib/jvm/java-6-openjdk/jre/lib/rt.jar
912c3000-912ca000 rw-p 00000000 00:00 0 
912ca000-912e4000 rw-p 00000000 00:00 0 
912e4000-912ea000 rw-p 00000000 00:00 0 
912ea000-9138f000 rw-p 00000000 00:00 0 
9138f000-91392000 rw-p 00000000 00:00 0 
91392000-913e4000 rw-p 00000000 00:00 0 
913e4000-913ea000 rw-p 00000000 00:00 0 
913ea000-9148f000 rw-p 00000000 00:00 0 
9148f000-91495000 rw-p 00000000 00:00 0 
91495000-914af000 rw-p 00000000 00:00 0 
914af000-91a00000 rw-p 00000000 00:00 0 
91a00000-9bf50000 rw-p 00000000 00:00 0 
9bf50000-9ca00000 rw-p 00000000 00:00 0 
9ca00000-b14b0000 rw-p 00000000 00:00 0 
b14b0000-b20b0000 rw-p 00000000 00:00 0 
b20b0000-b54b0000 rw-p 00000000 00:00 0 
b54b0000-b54b3000 r--s 00000000 08:12 156867     /var/cache/fontconfig/d60319d88cac85ba9e1a07bd06cfbb8c-le32d4.cache-3
b54b3000-b54b6000 r--s 00000000 08:12 149699     /var/cache/fontconfig/cabbd14511b9e8a55e92af97fb3a0461-le32d4.cache-3
b54b6000-b54b8000 r--s 00000000 08:12 156816     /var/cache/fontconfig/e13b20fdb08344e0e664864cc2ede53d-le32d4.cache-3
b54b8000-b54bb000 r--s 00000000 08:12 149719     /var/cache/fontconfig/7ef2298fde41cc6eeb7af42e48b7d293-le32d4.cache-3
b54bb000-b54be000 r--s 0000f000 08:12 267234     /usr/lib/jvm/java-6-openjdk/jre/lib/ext/pulse-java.jar
b54be000-b54c2000 rw-p 00000000 00:00 0 
b54c2000-b553e000 rw-p 00000000 00:00 0 
b553e000-b561e000 rwxp 00000000 00:00 0 
b561e000-b753e000 rw-p 00000000 00:00 0 
b753e000-b773e000 r--p 00000000 08:12 9268       /usr/lib/locale/locale-archive
b773e000-b7741000 ---p 00000000 00:00 0 
b7741000-b7792000 rw-p 00000000 00:00 0 
b7792000-b7793000 r--s 00000000 08:12 156866     /var/cache/fontconfig/4794a0821666d79190d59a36cb4f44b5-le32d4.cache-3
b7793000-b779b000 r--s 00066000 08:12 306016     /usr/share/java/gnome-java-bridge.jar
b779b000-b77a3000 rw-s 00000000 08:12 161682     /tmp/hsperfdata_westcn/4890
b77a3000-b77a4000 r--p 002a1000 08:12 9268       /usr/lib/locale/locale-archive
b77a4000-b77a5000 rw-p 00000000 00:00 0 
b77a5000-b77a6000 ---p 00000000 00:00 0 
b77a6000-b77a8000 rw-p 00000000 00:00 0 
bfc95000-bfcb6000 rw-p 00000000 00:00 0          [stack]

VM Arguments:
jvm_args: -agentlib:jdwp=transport=dt_socket,suspend=y,address=localhost:50517 -Dfile.encoding=UTF-8 
java_command: ExcelMain
Launcher Type: SUN_STANDARD

Environment Variables:
PATH=/home/westcn/bin:/usr/local/sbin:/usr/local/bin:/usr/sbin:/usr/bin:/sbin:/bin:/usr/games
USERNAME=westcn
LD_LIBRARY_PATH=/usr/lib/jvm/java-6-openjdk/jre/lib/i386/client:/usr/lib/jvm/java-6-openjdk/jre/lib/i386:/usr/lib/jvm/java-6-openjdk/jre/../lib/i386:/usr/lib/jvm/java-6-openjdk/jre/lib/i386/client:/usr/lib/jvm/java-6-openjdk/jre/lib/i386:
SHELL=/bin/bash
DISPLAY=:0.0

Signal Handlers:
SIGSEGV: [libjvm.so+0x3de6c0], sa_mask[0]=0x7ffbfeff, sa_flags=0x10000004
SIGBUS: [libjvm.so+0x3de6c0], sa_mask[0]=0x7ffbfeff, sa_flags=0x10000004
SIGFPE: [libjvm.so+0x2fef60], sa_mask[0]=0x7ffbfeff, sa_flags=0x10000004
SIGPIPE: [libjvm.so+0x2fef60], sa_mask[0]=0x7ffbfeff, sa_flags=0x10000004
SIGXFSZ: [libjvm.so+0x2fef60], sa_mask[0]=0x7ffbfeff, sa_flags=0x10000004
SIGILL: [libjvm.so+0x2fef60], sa_mask[0]=0x7ffbfeff, sa_flags=0x10000004
SIGUSR1: SIG_DFL, sa_mask[0]=0x00000000, sa_flags=0x00000000
SIGUSR2: [libjvm.so+0x2fedd0], sa_mask[0]=0x00000004, sa_flags=0x10000004
SIGHUP: [libjvm.so+0x301bc0], sa_mask[0]=0x7ffbfeff, sa_flags=0x10000004
SIGINT: [libjvm.so+0x301bc0], sa_mask[0]=0x7ffbfeff, sa_flags=0x10000004
SIGTERM: [libjvm.so+0x301bc0], sa_mask[0]=0x7ffbfeff, sa_flags=0x10000004
SIGQUIT: [libjvm.so+0x301bc0], sa_mask[0]=0x7ffbfeff, sa_flags=0x10000004


---------------  S Y S T E M  ---------------

OS:Ubuntu 11.04 (natty)
uname:Linux 2.6.38-8-generic #42-Ubuntu SMP Mon Apr 11 03:31:50 UTC 2011 i686
libc:glibc 2.13 NPTL 2.13 
rlimit: STACK 8192k, CORE 0k, NPROC infinity, NOFILE 4096, AS infinity
load average:0.13 0.10 0.14

/proc/meminfo:
MemTotal:        1801232 kB
MemFree:           75080 kB
Buffers:           19180 kB
Cached:           412300 kB
SwapCached:         1368 kB
Active:           525180 kB
Inactive:         597624 kB
Active(anon):     318128 kB
Inactive(anon):   376900 kB
Active(file):     207052 kB
Inactive(file):   220724 kB
Unevictable:          16 kB
Mlocked:              16 kB
HighTotal:        925384 kB
HighFree:           8204 kB
LowTotal:         875848 kB
LowFree:           66876 kB
SwapTotal:       3905532 kB
SwapFree:        3887676 kB
Dirty:             11312 kB
Writeback:             0 kB
AnonPages:        690076 kB
Mapped:           101884 kB
Shmem:              3660 kB
Slab:              29548 kB
SReclaimable:      16632 kB
SUnreclaim:        12916 kB
KernelStack:        3064 kB
PageTables:         6656 kB
NFS_Unstable:          0 kB
Bounce:                0 kB
WritebackTmp:          0 kB
CommitLimit:     4806148 kB
Committed_AS:    2349436 kB
VmallocTotal:     122880 kB
VmallocUsed:       48980 kB
VmallocChunk:      68516 kB
HardwareCorrupted:     0 kB
HugePages_Total:       0
HugePages_Free:        0
HugePages_Rsvd:        0
HugePages_Surp:        0
Hugepagesize:       4096 kB
DirectMap4k:      516088 kB
DirectMap4M:      393216 kB


CPU:total 2 (2 cores per cpu, 1 threads per core) family 16 model 6 stepping 2, cmov, cx8, fxsr, mmx, sse, sse2, sse3, popcnt, mmxext, 3dnow, 3dnowext, lzcnt, sse4a

Memory: 4k page, physical 1801232k(75080k free), swap 3905532k(3887676k free)

vm_info: OpenJDK Client VM (20.0-b11) for linux-x86 JRE (1.6.0_22-b22), built on Apr  5 2011 14:20:06 by "buildd" with gcc 4.5.2

time: Sat Aug 13 22:32:59 2011
elapsed time: 12 seconds

